
	Solution from Scipy SLSQP:
	----------------------------------------------------------------------------------------------------
	Problem                  : blade_optimization
	Solver                   : scipy-slsqp
	Success                  : True
	Message                  : Optimization terminated successfully
	Status                   : 0
	Total time               : 1.0640220642089844
	Objective                : 1446.414015477211
	Gradient norm            : 1994.9420881804883
	Total function evals     : 32
	Total gradient evals     : 20
	Major iterations         : 20
	Total callbacks          : 105
	Reused callbacks         : 0
	obj callbacks            : 32
	grad callbacks           : 20
	hess callbacks           : 0
	con callbacks            : 33
	jac callbacks            : 20
	Optimal variables        : [0.45196197 1.75       1.75       1.66165519 0.35219496 2.02784496
 1.57747233 1.0683707  0.78780058 0.7550136 ]
	Optimal obj. gradient    : [  20.02709948  107.57846345  189.6970153   287.77464764  216.20764433
   81.71904689  569.85563633 1037.35154227 1403.50120965  651.87994077]
	----------------------------------------------------------------------------------------------------
